<?xml version="1.0" encoding="UTF-8"?>
<!-- Generated by org.testng.reporters.JUnitXMLReporter -->
<testsuite hostname="DESKTOP-K1HLN8V" name="Test" tests="4" failures="0" timestamp="11 Aug 2018 01:27:26 GMT" time="92.649" errors="0">
  <testcase name="basepagenavigation" time="20.729" classname="Academy.frameworkfromscratch.Homepage"/>
  <testcase name="basepagenavigation" time="13.118" classname="Academy.frameworkfromscratch.Homepage"/>
  <testcase name="basepagenavigation" time="23.523" classname="Academy.frameworkfromscratch.validatetitle"/>
  <testcase name="assertionbbb" time="0.494" classname="Academy.frameworkfromscratch.validateasserttrue"/>
</testsuite> <!-- Test -->
