<?xml version="1.0" encoding="UTF-8"?>
<testng-results skipped="0" failed="1" total="1" passed="0">
  <reporter-output>
  </reporter-output>
  <suite name="Default suite" duration-ms="17131" started-at="2018-09-15T19:43:27Z" finished-at="2018-09-15T19:43:44Z">
    <groups>
    </groups>
    <test name="Default test" duration-ms="17131" started-at="2018-09-15T19:43:27Z" finished-at="2018-09-15T19:43:44Z">
      <class name="com.application.scripts.tc03">
        <test-method status="PASS" signature="suiteFirst(org.testng.ITestContext)[pri:0, instance:com.application.scripts.tc03@44c8afef]" name="suiteFirst" is-config="true" duration-ms="1133" started-at="2018-09-15T15:43:26Z" finished-at="2018-09-15T15:43:27Z">
          <params>
            <param index="0">
              <value>
                <![CDATA[org.testng.TestRunner@5ef6ae06]]>
              </value>
            </param>
          </params>
          <reporter-output>
          </reporter-output>
        </test-method> <!-- suiteFirst -->
        <test-method status="PASS" signature="first(org.testng.ITestContext)[pri:0, instance:com.application.scripts.tc03@44c8afef]" name="first" is-config="true" duration-ms="2" started-at="2018-09-15T15:43:27Z" finished-at="2018-09-15T15:43:27Z">
          <params>
            <param index="0">
              <value>
                <![CDATA[org.testng.TestRunner@5ef6ae06]]>
              </value>
            </param>
          </params>
          <reporter-output>
          </reporter-output>
        </test-method> <!-- first -->
        <test-method status="PASS" signature="firstBeforeClass(org.testng.ITestContext)[pri:0, instance:com.application.scripts.tc03@44c8afef]" name="firstBeforeClass" is-config="true" duration-ms="0" started-at="2018-09-15T15:43:27Z" finished-at="2018-09-15T15:43:27Z">
          <params>
            <param index="0">
              <value>
                <![CDATA[org.testng.TestRunner@5ef6ae06]]>
              </value>
            </param>
          </params>
          <reporter-output>
          </reporter-output>
        </test-method> <!-- firstBeforeClass -->
        <test-method status="PASS" signature="reportHeader(java.lang.reflect.Method, org.testng.ITestContext)[pri:0, instance:com.application.scripts.tc03@44c8afef]" name="reportHeader" is-config="true" duration-ms="13992" started-at="2018-09-15T15:43:27Z" finished-at="2018-09-15T15:43:41Z">
          <params>
            <param index="0">
              <value>
                <![CDATA[public void com.application.scripts.tc03.testTC01() throws java.lang.Throwable]]>
              </value>
            </param>
            <param index="1">
              <value>
                <![CDATA[org.testng.TestRunner@5ef6ae06]]>
              </value>
            </param>
          </params>
          <reporter-output>
          </reporter-output>
        </test-method> <!-- reportHeader -->
        <test-method status="FAIL" signature="testTC01()[pri:0, instance:com.application.scripts.tc03@44c8afef]" name="testTC01" duration-ms="2069" started-at="2018-09-15T15:43:41Z" finished-at="2018-09-15T15:43:43Z">
          <exception class="org.openqa.selenium.NoSuchElementException">
            <message>
              <![CDATA[no such element: Unable to locate element: {"method":"link text","selector":"SIGN IN"}
  (Session info: chrome=69.0.3497.92)
  (Driver info: chromedriver=2.29.461591 (62ebf098771772160f391d75e589dc567915b233),platform=Windows NT 10.0.17134 x86_64) (WARNING: The server did not provide any stacktrace information)
Command duration or timeout: 2.05 seconds
For documentation on this error, please visit: http://seleniumhq.org/exceptions/no_such_element.html
Build info: version: '3.0.1', revision: '1969d75', time: '2016-10-18 09:49:13 -0700'
System info: host: 'DESKTOP-K1HLN8V', ip: '192.168.139.1', os.name: 'Windows 10', os.arch: 'amd64', os.version: '10.0', java.version: '1.8.0_171'
Driver info: org.openqa.selenium.chrome.ChromeDriver
Capabilities [{applicationCacheEnabled=false, rotatable=false, mobileEmulationEnabled=false, networkConnectionEnabled=false, chrome={chromedriverVersion=2.29.461591 (62ebf098771772160f391d75e589dc567915b233), userDataDir=C:\Users\computer\AppData\Local\Temp\scoped_dir11208_7833}, takesHeapSnapshot=true, pageLoadStrategy=normal, databaseEnabled=false, handlesAlerts=true, hasTouchScreen=false, version=69.0.3497.92, platform=XP, browserConnectionEnabled=false, nativeEvents=true, acceptSslCerts=true, locationContextEnabled=true, webStorageEnabled=true, browserName=chrome, takesScreenshot=true, javascriptEnabled=true, cssSelectorsEnabled=true, unexpectedAlertBehaviour=}]
Session ID: e4e32333766aaea31d9ff4e40b2f039d
*** Element info: {Using=link text, value=SIGN IN}]]>
            </message>
            <full-stacktrace>
              <![CDATA[org.openqa.selenium.NoSuchElementException: no such element: Unable to locate element: {"method":"link text","selector":"SIGN IN"}
  (Session info: chrome=69.0.3497.92)
  (Driver info: chromedriver=2.29.461591 (62ebf098771772160f391d75e589dc567915b233),platform=Windows NT 10.0.17134 x86_64) (WARNING: The server did not provide any stacktrace information)
Command duration or timeout: 2.05 seconds
For documentation on this error, please visit: http://seleniumhq.org/exceptions/no_such_element.html
Build info: version: '3.0.1', revision: '1969d75', time: '2016-10-18 09:49:13 -0700'
System info: host: 'DESKTOP-K1HLN8V', ip: '192.168.139.1', os.name: 'Windows 10', os.arch: 'amd64', os.version: '10.0', java.version: '1.8.0_171'
Driver info: org.openqa.selenium.chrome.ChromeDriver
Capabilities [{applicationCacheEnabled=false, rotatable=false, mobileEmulationEnabled=false, networkConnectionEnabled=false, chrome={chromedriverVersion=2.29.461591 (62ebf098771772160f391d75e589dc567915b233), userDataDir=C:\Users\computer\AppData\Local\Temp\scoped_dir11208_7833}, takesHeapSnapshot=true, pageLoadStrategy=normal, databaseEnabled=false, handlesAlerts=true, hasTouchScreen=false, version=69.0.3497.92, platform=XP, browserConnectionEnabled=false, nativeEvents=true, acceptSslCerts=true, locationContextEnabled=true, webStorageEnabled=true, browserName=chrome, takesScreenshot=true, javascriptEnabled=true, cssSelectorsEnabled=true, unexpectedAlertBehaviour=}]
Session ID: e4e32333766aaea31d9ff4e40b2f039d
*** Element info: {Using=link text, value=SIGN IN}
	at sun.reflect.NativeConstructorAccessorImpl.newInstance0(Native Method)
	at sun.reflect.NativeConstructorAccessorImpl.newInstance(Unknown Source)
	at sun.reflect.DelegatingConstructorAccessorImpl.newInstance(Unknown Source)
	at java.lang.reflect.Constructor.newInstance(Unknown Source)
	at org.openqa.selenium.remote.ErrorHandler.createThrowable(ErrorHandler.java:216)
	at org.openqa.selenium.remote.ErrorHandler.throwIfResponseFailed(ErrorHandler.java:168)
	at org.openqa.selenium.remote.RemoteWebDriver.execute(RemoteWebDriver.java:635)
	at org.openqa.selenium.remote.RemoteWebDriver.findElement(RemoteWebDriver.java:368)
	at org.openqa.selenium.remote.RemoteWebDriver.findElementByLinkText(RemoteWebDriver.java:425)
	at org.openqa.selenium.By$ByLinkText.findElement(By.java:246)
	at org.openqa.selenium.remote.RemoteWebDriver.findElement(RemoteWebDriver.java:360)
	at sun.reflect.NativeMethodAccessorImpl.invoke0(Native Method)
	at sun.reflect.NativeMethodAccessorImpl.invoke(Unknown Source)
	at sun.reflect.DelegatingMethodAccessorImpl.invoke(Unknown Source)
	at java.lang.reflect.Method.invoke(Unknown Source)
	at org.openqa.selenium.support.events.EventFiringWebDriver$2.invoke(EventFiringWebDriver.java:103)
	at com.sun.proxy.$Proxy13.findElement(Unknown Source)
	at com.support.MyListener.beforeFindBy(MyListener.java:14)
	at sun.reflect.NativeMethodAccessorImpl.invoke0(Native Method)
	at sun.reflect.NativeMethodAccessorImpl.invoke(Unknown Source)
	at sun.reflect.DelegatingMethodAccessorImpl.invoke(Unknown Source)
	at java.lang.reflect.Method.invoke(Unknown Source)
	at org.openqa.selenium.support.events.EventFiringWebDriver$1.invoke(EventFiringWebDriver.java:80)
	at com.sun.proxy.$Proxy12.beforeFindBy(Unknown Source)
	at org.openqa.selenium.support.events.EventFiringWebDriver.findElement(EventFiringWebDriver.java:186)
	at com.application.scripts.tc03.testTC01(tc03.java:20)
	at sun.reflect.NativeMethodAccessorImpl.invoke0(Native Method)
	at sun.reflect.NativeMethodAccessorImpl.invoke(Unknown Source)
	at sun.reflect.DelegatingMethodAccessorImpl.invoke(Unknown Source)
	at java.lang.reflect.Method.invoke(Unknown Source)
	at org.testng.internal.MethodInvocationHelper.invokeMethod(MethodInvocationHelper.java:84)
	at org.testng.internal.Invoker.invokeMethod(Invoker.java:714)
	at org.testng.internal.Invoker.invokeTestMethod(Invoker.java:901)
	at org.testng.internal.Invoker.invokeTestMethods(Invoker.java:1231)
	at org.testng.internal.TestMethodWorker.invokeTestMethods(TestMethodWorker.java:127)
	at org.testng.internal.TestMethodWorker.run(TestMethodWorker.java:111)
	at org.testng.TestRunner.privateRun(TestRunner.java:767)
	at org.testng.TestRunner.run(TestRunner.java:617)
	at org.testng.SuiteRunner.runTest(SuiteRunner.java:348)
	at org.testng.SuiteRunner.runSequentially(SuiteRunner.java:343)
	at org.testng.SuiteRunner.privateRun(SuiteRunner.java:305)
	at org.testng.SuiteRunner.run(SuiteRunner.java:254)
	at org.testng.SuiteRunnerWorker.runSuite(SuiteRunnerWorker.java:52)
	at org.testng.SuiteRunnerWorker.run(SuiteRunnerWorker.java:86)
	at org.testng.TestNG.runSuitesSequentially(TestNG.java:1224)
	at org.testng.TestNG.runSuitesLocally(TestNG.java:1149)
	at org.testng.TestNG.run(TestNG.java:1057)
	at org.testng.remote.AbstractRemoteTestNG.run(AbstractRemoteTestNG.java:114)
	at org.testng.remote.RemoteTestNG.initAndRun(RemoteTestNG.java:251)
	at org.testng.remote.RemoteTestNG.main(RemoteTestNG.java:77)
]]>
            </full-stacktrace>
          </exception> <!-- org.openqa.selenium.NoSuchElementException -->
          <reporter-output>
          </reporter-output>
        </test-method> <!-- testTC01 -->
        <test-method status="PASS" signature="tearDown()[pri:0, instance:com.application.scripts.tc03@44c8afef]" name="tearDown" is-config="true" duration-ms="1026" started-at="2018-09-15T15:43:43Z" finished-at="2018-09-15T15:43:44Z">
          <reporter-output>
          </reporter-output>
        </test-method> <!-- tearDown -->
        <test-method status="PASS" signature="close()[pri:0, instance:com.application.scripts.tc03@44c8afef]" name="close" is-config="true" duration-ms="0" started-at="2018-09-15T15:43:44Z" finished-at="2018-09-15T15:43:44Z">
          <reporter-output>
          </reporter-output>
        </test-method> <!-- close -->
        <test-method status="PASS" signature="first1(org.testng.ITestContext)[pri:0, instance:com.application.scripts.tc03@44c8afef]" name="first1" is-config="true" duration-ms="4" started-at="2018-09-15T15:43:44Z" finished-at="2018-09-15T15:43:44Z">
          <params>
            <param index="0">
              <value>
                <![CDATA[org.testng.TestRunner@5ef6ae06]]>
              </value>
            </param>
          </params>
          <reporter-output>
          </reporter-output>
        </test-method> <!-- first1 -->
        <test-method status="PASS" signature="tearDownFirefox(org.testng.ITestContext)[pri:0, instance:com.application.scripts.tc03@44c8afef]" name="tearDownFirefox" is-config="true" duration-ms="904" started-at="2018-09-15T15:43:44Z" finished-at="2018-09-15T15:43:45Z">
          <params>
            <param index="0">
              <value>
                <![CDATA[org.testng.TestRunner@5ef6ae06]]>
              </value>
            </param>
          </params>
          <reporter-output>
          </reporter-output>
        </test-method> <!-- tearDownFirefox -->
      </class> <!-- com.application.scripts.tc03 -->
    </test> <!-- Default test -->
  </suite> <!-- Default suite -->
</testng-results>
