<?xml version="1.0" encoding="UTF-8"?>
<!-- Generated by org.testng.reporters.JUnitXMLReporter -->
<testsuite hostname="DESKTOP-K1HLN8V" ignored="0" name="Default test" tests="2" failures="1" timestamp="08 Aug 2018 21:32:25 GMT" time="2.364" errors="0">
  <testcase name="getAPITestwithoutheader" time="2.275" classname="com.qa.tests.GetAPITest"/>
  <testcase name="getAPITestwithheader" time="0.003" classname="com.qa.tests.GetAPITest">
    <failure type="java.io.IOException" message="Stream closed">
      <![CDATA[java.io.IOException: Stream closed
at java.util.zip.GZIPInputStream.ensureOpen(Unknown Source)
at java.util.zip.GZIPInputStream.read(Unknown Source)
at org.apache.http.client.entity.LazyDecompressingInputStream.read(LazyDecompressingInputStream.java:70)
at sun.nio.cs.StreamDecoder.readBytes(Unknown Source)
at sun.nio.cs.StreamDecoder.implRead(Unknown Source)
at sun.nio.cs.StreamDecoder.read(Unknown Source)
at java.io.InputStreamReader.read(Unknown Source)
at java.io.Reader.read(Unknown Source)
at org.apache.http.util.EntityUtils.toString(EntityUtils.java:227)
at org.apache.http.util.EntityUtils.toString(EntityUtils.java:270)
at org.apache.http.util.EntityUtils.toString(EntityUtils.java:290)
at com.qa.tests.GetAPITest.getAPITestwithheader(GetAPITest.java:125)
at sun.reflect.NativeMethodAccessorImpl.invoke0(Native Method)
at sun.reflect.NativeMethodAccessorImpl.invoke(Unknown Source)
at sun.reflect.DelegatingMethodAccessorImpl.invoke(Unknown Source)
at java.lang.reflect.Method.invoke(Unknown Source)
at org.testng.internal.MethodInvocationHelper.invokeMethod(MethodInvocationHelper.java:124)
at org.testng.internal.Invoker.invokeMethod(Invoker.java:583)
at org.testng.internal.Invoker.invokeTestMethod(Invoker.java:719)
at org.testng.internal.Invoker.invokeTestMethods(Invoker.java:989)
at org.testng.internal.TestMethodWorker.invokeTestMethods(TestMethodWorker.java:125)
at org.testng.internal.TestMethodWorker.run(TestMethodWorker.java:109)
at org.testng.TestRunner.privateRun(TestRunner.java:648)
at org.testng.TestRunner.run(TestRunner.java:505)
at org.testng.SuiteRunner.runTest(SuiteRunner.java:455)
at org.testng.SuiteRunner.runSequentially(SuiteRunner.java:450)
at org.testng.SuiteRunner.privateRun(SuiteRunner.java:415)
at org.testng.SuiteRunner.run(SuiteRunner.java:364)
at org.testng.SuiteRunnerWorker.runSuite(SuiteRunnerWorker.java:52)
at org.testng.SuiteRunnerWorker.run(SuiteRunnerWorker.java:84)
at org.testng.TestNG.runSuitesSequentially(TestNG.java:1208)
at org.testng.TestNG.runSuitesLocally(TestNG.java:1137)
at org.testng.TestNG.runSuites(TestNG.java:1049)
at org.testng.TestNG.run(TestNG.java:1017)
at org.testng.remote.AbstractRemoteTestNG.run(AbstractRemoteTestNG.java:132)
at org.testng.remote.RemoteTestNG.initAndRun(RemoteTestNG.java:230)
at org.testng.remote.RemoteTestNG.main(RemoteTestNG.java:76)
]]>
    </failure>
  </testcase> <!-- getAPITestwithheader -->
</testsuite> <!-- Default test -->
