<?xml version="1.0" encoding="UTF-8"?>
<testsuite xmlns:xsi="http://www.w3.org/2001/XMLSchema-instance" xsi:noNamespaceSchemaLocation="https://maven.apache.org/surefire/maven-surefire-plugin/xsd/surefire-test-report.xsd" name="TestSuite" time="95.227" tests="4" errors="0" skipped="0" failures="0">
  <properties>
[...]
</properties>
  <testcase name="basepagenavigation" classname="Academy.frameworkfromscratch.Homepage" time="20.73"/>
  <testcase name="basepagenavigation" classname="Academy.frameworkfromscratch.Homepage" time="13.115"/>
  <testcase name="basepagenavigation" classname="Academy.frameworkfromscratch.validatetitle" time="23.522"/>
  <testcase name="assertionbbb" classname="Academy.frameworkfromscratch.validateasserttrue" time="0.494"/>
</testsuite>